[INFO] Checking for AUR helper...
[OK] Using paru
[INFO] Reading /home/shidox/Público/HyprGlass-dotfile/requirements/arch-pacman.txt...
[INFO] Installing packages (this may take a while)...
[INFO] Checking for AUR helper...
[OK] Using paru
[INFO] Reading /home/shidox/Público/HyprGlass-dotfile/requirements/arch-pacman.txt...
[INFO] Installing packages (this may take a while)...
[OK] All packages installed.
[INFO] Installing Oh My Zsh...
[INFO] Installing Powerlevel10k theme...
[INFO] Changing default shell to zsh...
[OK] ZSH configured.
[INFO] Creating backups in: /home/shidox/.config/hyprglass-backups
[INFO] Linking ~/.config files...
[INFO]   • Backup: alacritty -> backups/20260208_161958/
[INFO]   • Backup: gtk-3.0 -> backups/20260208_161958/
[INFO]   • Backup: gtk-4.0 -> backups/20260208_161958/
[INFO]   • Backup: hypr -> backups/20260208_161958/
[INFO]   • Backup: kitty -> backups/20260208_161958/
[INFO]   • Backup: xsettingsd -> backups/20260208_161958/
[INFO] Linking Home files...
[OK] Dotfiles deployed successfully.
[INFO] Executing SDDM install script...
[INFO] Oh My Zsh already installed.
[OK] ZSH configured.
[INFO] Installing GRUB theme to /boot/grub/themes/lain...
[INFO] Updating /etc/default/grub...
[INFO] Updating GRUB config (grub-mkconfig)...
[OK] GRUB theme installed and config updated.
[INFO] Creating backups in: /home/shidox/.config/hyprglass-backups
[INFO] Linking ~/.config files...
[INFO]   • Skipping alacritty (already correct)
[INFO]   • Skipping dunst (already correct)
[INFO]   • Skipping gtk-3.0 (already correct)
[INFO]   • Skipping gtk-4.0 (already correct)
[INFO]   • Skipping hypr (already correct)
[INFO]   • Skipping kitty (already correct)
[INFO]   • Skipping mimeapps.list (already correct)
[INFO]   • Skipping nvim (already correct)
[INFO]   • Skipping swaync (already correct)
[INFO]   • Skipping Thunar (already correct)
[INFO]   • Skipping waybar (already correct)
[INFO]   • Skipping xsettingsd (already correct)
[INFO]   • Skipping xsettingsd.conf (already correct)
[INFO] Linking Home files...
[INFO]   • Skipping Wallpapers (already correct)
[OK] Dotfiles deployed successfully.
[INFO] Updating font cache...
[OK] Post-install tasks done.
