[2026-02-12 12:50:13] [SUCCESS] Found wallpaper directory: /home/shidox/Wallpapers (15 images)
[2026-02-12 12:50:13] Found 2 .webm file(s). swww only supports images/gifs, so .webm will be skipped. Use --backend mpvpaper if you want video wallpapers.
[2026-02-12 12:50:13] [SUCCESS] Found 15 wallpaper(s) in /home/shidox/Wallpapers
[2026-02-12 12:50:13] === AleatoryWall Script Started ===
[2026-02-12 12:50:13] Daemon already running (PID: 154822) — changing wallpaper once
[2026-02-12 12:50:13] Changing wallpaper to: WALL4.jpg
[2026-02-12 12:50:14] [SUCCESS] Wallpaper changed to: WALL4.jpg
[2026-02-12 12:50:21] [SUCCESS] Found wallpaper directory: /home/shidox/Wallpapers (15 images)
[2026-02-12 12:50:21] Found 2 .webm file(s). swww only supports images/gifs, so .webm will be skipped. Use --backend mpvpaper if you want video wallpapers.
[2026-02-12 12:50:21] [SUCCESS] Found 15 wallpaper(s) in /home/shidox/Wallpapers
[2026-02-12 12:50:21] === AleatoryWall Script Started ===
[2026-02-12 12:50:21] Daemon already running (PID: 155193) — changing wallpaper once
[2026-02-12 12:50:21] Changing wallpaper to: WALL3.png
[2026-02-12 12:50:21] [SUCCESS] Wallpaper changed to: WALL3.png
[2026-02-12 13:29:29] [SUCCESS] Found wallpaper directory: /home/shidox/Wallpapers (15 images)
[2026-02-12 13:29:29] Found 2 .webm file(s). swww only supports images/gifs, so .webm will be skipped. Use --backend mpvpaper if you want video wallpapers.
[2026-02-12 13:29:29] [SUCCESS] Found 15 wallpaper(s) in /home/shidox/Wallpapers
[2026-02-12 13:29:29] === AleatoryWall Script Started ===
[2026-02-12 13:29:29] pywal enabled via argument
[2026-02-12 13:29:29] Daemon already running (PID: 243752) — changing wallpaper once
[2026-02-12 13:29:29] Changing wallpaper to: WALL9.jpg
[2026-02-12 13:29:32] [SUCCESS] Wallpaper changed to: WALL9.jpg
[2026-02-12 14:33:29] [SUCCESS] Found wallpaper directory: /home/shidox/Wallpapers (15 images)
[2026-02-12 14:33:29] Found 2 .webm file(s). swww only supports images/gifs, so .webm will be skipped. Use --backend mpvpaper if you want video wallpapers.
[2026-02-12 14:33:29] [SUCCESS] Found 15 wallpaper(s) in /home/shidox/Wallpapers
[2026-02-12 14:33:29] === AleatoryWall Script Started ===
[2026-02-12 14:33:29] pywal enabled via argument
[2026-02-12 14:33:29] Daemon already running (PID: 1901) — changing wallpaper once
[2026-02-12 14:33:29] Changing wallpaper to: WALL14.jpg
[2026-02-12 14:33:33] [SUCCESS] Wallpaper changed to: WALL14.jpg
[2026-02-12 16:23:31] [SUCCESS] Found wallpaper directory: /home/shidox/Wallpapers (15 images)
[2026-02-12 16:23:31] Found 2 .webm file(s). swww only supports images/gifs, so .webm will be skipped. Use --backend mpvpaper if you want video wallpapers.
[2026-02-12 16:23:31] [SUCCESS] Found 15 wallpaper(s) in /home/shidox/Wallpapers
[2026-02-12 16:23:31] === AleatoryWall Script Started ===
[2026-02-12 16:23:31] Daemon already running (PID: 179842) — changing wallpaper once
[2026-02-12 16:23:31] Changing wallpaper to: WALL6.jpg
[2026-02-12 16:23:31] [SUCCESS] Wallpaper changed to: WALL6.jpg
[2026-02-12 19:40:54] [SUCCESS] Found wallpaper directory: /home/shidox/Wallpapers (15 images)
[2026-02-12 19:40:54] Found 2 .webm file(s). swww only supports images/gifs, so .webm will be skipped. Use --backend mpvpaper if you want video wallpapers.
[2026-02-12 19:40:54] [SUCCESS] Found 15 wallpaper(s) in /home/shidox/Wallpapers
[2026-02-12 19:40:54] === AleatoryWall Script Started ===
[2026-02-12 19:40:54] pywal enabled via argument
[2026-02-12 19:40:54] Daemon already running (PID: 2012) — changing wallpaper once
[2026-02-12 19:40:54] Changing wallpaper to: WALL8.jpg
[2026-02-12 19:40:56] [SUCCESS] Wallpaper changed to: WALL8.jpg
[2026-02-12 21:18:59] [SUCCESS] Found wallpaper directory: /home/shidox/Wallpapers (15 images)
[2026-02-12 21:18:59] Found 2 .webm file(s). swww only supports images/gifs, so .webm will be skipped. Use --backend mpvpaper if you want video wallpapers.
[2026-02-12 21:18:59] [SUCCESS] Found 15 wallpaper(s) in /home/shidox/Wallpapers
[2026-02-12 21:18:59] === AleatoryWall Script Started ===
[2026-02-12 21:18:59] pywal enabled via argument
[2026-02-12 21:18:59] Daemon already running (PID: 164517) — changing wallpaper once
[2026-02-12 21:18:59] Changing wallpaper to: WALL5.jpeg
[2026-02-12 21:19:01] [SUCCESS] Wallpaper changed to: WALL5.jpeg
[2026-02-12 21:21:38] [SUCCESS] Found wallpaper directory: /home/shidox/Wallpapers (15 images)
[2026-02-12 21:21:39] Found 2 .webm file(s). swww only supports images/gifs, so .webm will be skipped. Use --backend mpvpaper if you want video wallpapers.
[2026-02-12 21:21:39] [SUCCESS] Found 15 wallpaper(s) in /home/shidox/Wallpapers
[2026-02-12 21:21:39] === AleatoryWall Script Started ===
[2026-02-12 21:21:39] pywal enabled via argument
[2026-02-12 21:21:39] Daemon already running (PID: 169361) — changing wallpaper once
[2026-02-12 21:21:39] Changing wallpaper to: WALL1.jpg
[2026-02-12 21:21:41] [SUCCESS] Wallpaper changed to: WALL1.jpg
[2026-02-12 21:29:10] [SUCCESS] Found wallpaper directory: /home/shidox/Wallpapers (15 images)
[2026-02-12 21:29:10] Found 2 .webm file(s). swww only supports images/gifs, so .webm will be skipped. Use --backend mpvpaper if you want video wallpapers.
[2026-02-12 21:29:10] [SUCCESS] Found 15 wallpaper(s) in /home/shidox/Wallpapers
[2026-02-12 21:29:10] === AleatoryWall Script Started ===
[2026-02-12 21:29:10] pywal enabled via argument
[2026-02-12 21:29:10] Daemon already running (PID: 180446) — changing wallpaper once
[2026-02-12 21:29:10] Changing wallpaper to: WALL2.jpg
[2026-02-12 21:29:14] [SUCCESS] Wallpaper changed to: WALL2.jpg
[2026-02-12 21:36:14] [SUCCESS] Found wallpaper directory: /home/shidox/Wallpapers (15 images)
[2026-02-12 21:36:14] Found 2 .webm file(s). swww only supports images/gifs, so .webm will be skipped. Use --backend mpvpaper if you want video wallpapers.
[2026-02-12 21:36:14] [SUCCESS] Found 15 wallpaper(s) in /home/shidox/Wallpapers
[2026-02-12 21:36:14] === AleatoryWall Script Started ===
[2026-02-12 21:36:14] pywal enabled via argument
[2026-02-12 21:36:15] Daemon already running (PID: 182515) — changing wallpaper once
[2026-02-12 21:36:15] Changing wallpaper to: WALL7.jpg
[2026-02-12 21:36:17] [SUCCESS] Wallpaper changed to: WALL7.jpg
[2026-02-12 21:37:21] [SUCCESS] Found wallpaper directory: /home/shidox/Wallpapers (15 images)
[2026-02-12 21:37:21] Found 2 .webm file(s). swww only supports images/gifs, so .webm will be skipped. Use --backend mpvpaper if you want video wallpapers.
[2026-02-12 21:37:21] [SUCCESS] Found 15 wallpaper(s) in /home/shidox/Wallpapers
[2026-02-12 21:37:21] === AleatoryWall Script Started ===
[2026-02-12 21:37:21] pywal enabled via argument
[2026-02-12 21:37:21] Daemon already running (PID: 183935) — changing wallpaper once
[2026-02-12 21:37:21] Changing wallpaper to: WALL12.jpg
[2026-02-12 21:37:24] [SUCCESS] Wallpaper changed to: WALL12.jpg
[2026-02-12 21:40:18] [SUCCESS] Found wallpaper directory: /home/shidox/Wallpapers (15 images)
[2026-02-12 21:40:18] Found 2 .webm file(s). swww only supports images/gifs, so .webm will be skipped. Use --backend mpvpaper if you want video wallpapers.
[2026-02-12 21:40:18] [SUCCESS] Found 15 wallpaper(s) in /home/shidox/Wallpapers
[2026-02-12 21:40:18] === AleatoryWall Script Started ===
[2026-02-12 21:40:18] pywal enabled via argument
[2026-02-12 21:40:18] Daemon already running (PID: 185664) — changing wallpaper once
[2026-02-12 21:40:18] Changing wallpaper to: WALL13.jpg
[2026-02-12 21:40:21] [SUCCESS] Wallpaper changed to: WALL13.jpg
[2026-02-12 22:07:52] [SUCCESS] Found wallpaper directory: /home/shidox/Wallpapers (15 images)
[2026-02-12 22:07:52] Found 2 .webm file(s). swww only supports images/gifs, so .webm will be skipped. Use --backend mpvpaper if you want video wallpapers.
[2026-02-12 22:07:52] [SUCCESS] Found 15 wallpaper(s) in /home/shidox/Wallpapers
[2026-02-12 22:07:52] === AleatoryWall Script Started ===
[2026-02-12 22:07:52] pywal enabled via argument
[2026-02-12 22:07:52] Daemon already running (PID: 237531) — changing wallpaper once
[2026-02-12 22:07:52] Changing wallpaper to: WALL7.jpg
[2026-02-12 22:07:55] [SUCCESS] Wallpaper changed to: WALL7.jpg
[2026-02-12 22:14:29] [SUCCESS] Found wallpaper directory: /home/shidox/Wallpapers (15 images)
[2026-02-12 22:14:29] Found 2 .webm file(s). swww only supports images/gifs, so .webm will be skipped. Use --backend mpvpaper if you want video wallpapers.
[2026-02-12 22:14:29] [SUCCESS] Found 15 wallpaper(s) in /home/shidox/Wallpapers
[2026-02-12 22:14:29] === AleatoryWall Script Started ===
[2026-02-12 22:14:29] pywal enabled via argument
[2026-02-12 22:14:29] Daemon already running (PID: 247674) — changing wallpaper once
[2026-02-12 22:14:30] Changing wallpaper to: WALL9.jpg
[2026-02-12 22:14:32] [SUCCESS] Wallpaper changed to: WALL9.jpg
[2026-02-13 10:22:25] [SUCCESS] Found wallpaper directory: /home/shidox/Wallpapers (15 images)
[2026-02-13 10:22:25] Found 2 .webm file(s). swww only supports images/gifs, so .webm will be skipped. Use --backend mpvpaper if you want video wallpapers.
[2026-02-13 10:22:25] [SUCCESS] Found 15 wallpaper(s) in /home/shidox/Wallpapers
[2026-02-13 10:22:25] === AleatoryWall Script Started ===
[2026-02-13 10:22:25] pywal enabled via argument
[2026-02-13 10:22:25] Daemon already running (PID: 2083) — changing wallpaper once
[2026-02-13 10:22:25] Changing wallpaper to: WALL14.jpg
[2026-02-13 10:22:28] [SUCCESS] Wallpaper changed to: WALL14.jpg
[2026-02-13 10:29:15] [SUCCESS] Found wallpaper directory: /home/shidox/Wallpapers (15 images)
[2026-02-13 10:29:15] Found 2 .webm file(s). swww only supports images/gifs, so .webm will be skipped. Use --backend mpvpaper if you want video wallpapers.
[2026-02-13 10:29:15] [SUCCESS] Found 15 wallpaper(s) in /home/shidox/Wallpapers
[2026-02-13 10:29:15] === AleatoryWall Script Started ===
[2026-02-13 10:29:15] pywal enabled via argument
[2026-02-13 10:29:15] Daemon already running (PID: 12462) — changing wallpaper once
[2026-02-13 10:29:15] Changing wallpaper to: WALL6.jpg
[2026-02-13 10:29:18] [SUCCESS] Wallpaper changed to: WALL6.jpg
[2026-02-13 13:39:38] [SUCCESS] Found wallpaper directory: /home/shidox/Wallpapers (15 images)
[2026-02-13 13:39:38] Found 2 .webm file(s). swww only supports images/gifs, so .webm will be skipped. Use --backend mpvpaper if you want video wallpapers.
[2026-02-13 13:39:38] [SUCCESS] Found 15 wallpaper(s) in /home/shidox/Wallpapers
[2026-02-13 13:39:38] === AleatoryWall Script Started ===
[2026-02-13 13:39:38] pywal enabled via argument
[2026-02-13 13:39:38] Daemon already running (PID: 1793) — changing wallpaper once
[2026-02-13 13:39:38] Changing wallpaper to: WALL2.jpg
[2026-02-13 13:39:41] [SUCCESS] Wallpaper changed to: WALL2.jpg
[2026-02-13 15:58:10] [SUCCESS] Found wallpaper directory: /home/shidox/Wallpapers (15 images)
[2026-02-13 15:58:10] Found 2 .webm file(s). swww only supports images/gifs, so .webm will be skipped. Use --backend mpvpaper if you want video wallpapers.
[2026-02-13 15:58:10] [SUCCESS] Found 15 wallpaper(s) in /home/shidox/Wallpapers
[2026-02-13 15:58:10] === AleatoryWall Script Started ===
[2026-02-13 15:58:10] pywal enabled via argument
[2026-02-13 15:58:10] Daemon already running (PID: 1753) — changing wallpaper once
[2026-02-13 15:58:10] Changing wallpaper to: WALL10.png
[2026-02-13 15:58:13] [SUCCESS] Wallpaper changed to: WALL10.png
[2026-02-13 16:34:41] [SUCCESS] Found wallpaper directory: /home/shidox/Wallpapers (15 images)
[2026-02-13 16:34:41] Found 2 .webm file(s). swww only supports images/gifs, so .webm will be skipped. Use --backend mpvpaper if you want video wallpapers.
[2026-02-13 16:34:41] [SUCCESS] Found 15 wallpaper(s) in /home/shidox/Wallpapers
[2026-02-13 16:34:41] === AleatoryWall Script Started ===
[2026-02-13 16:34:41] pywal enabled via argument
[2026-02-13 16:34:41] Daemon already running (PID: 1723) — changing wallpaper once
[2026-02-13 16:34:41] Changing wallpaper to: WALL12.jpg
[2026-02-13 16:34:44] [SUCCESS] Wallpaper changed to: WALL12.jpg
[2026-02-13 18:40:49] [SUCCESS] Found wallpaper directory: /home/shidox/Wallpapers (15 images)
[2026-02-13 18:40:50] Found 2 .webm file(s). swww only supports images/gifs, so .webm will be skipped. Use --backend mpvpaper if you want video wallpapers.
[2026-02-13 18:40:50] [SUCCESS] Found 15 wallpaper(s) in /home/shidox/Wallpapers
[2026-02-13 18:40:50] === AleatoryWall Script Started ===
[2026-02-13 18:40:50] pywal enabled via argument
[2026-02-13 18:40:50] Daemon already running (PID: 1759) — changing wallpaper once
[2026-02-13 18:40:50] Changing wallpaper to: WALL16.jpg
[2026-02-13 18:40:52] [SUCCESS] Wallpaper changed to: WALL16.jpg
[2026-02-14 11:12:58] [SUCCESS] Found wallpaper directory: /home/shidox/Wallpapers (15 images)
[2026-02-14 11:12:58] Found 2 .webm file(s). swww only supports images/gifs, so .webm will be skipped. Use --backend mpvpaper if you want video wallpapers.
[2026-02-14 11:12:58] [SUCCESS] Found 15 wallpaper(s) in /home/shidox/Wallpapers
[2026-02-14 11:12:58] === AleatoryWall Script Started ===
[2026-02-14 11:12:58] pywal enabled via argument
[2026-02-14 11:12:58] Daemon already running (PID: 2127) — changing wallpaper once
[2026-02-14 11:12:58] Changing wallpaper to: WALL8.jpg
[2026-02-14 11:13:01] [SUCCESS] Wallpaper changed to: WALL8.jpg
[2026-02-14 13:36:20] [SUCCESS] Found wallpaper directory: /home/shidox/Wallpapers (15 images)
[2026-02-14 13:36:20] Found 2 .webm file(s). swww only supports images/gifs, so .webm will be skipped. Use --backend mpvpaper if you want video wallpapers.
[2026-02-14 13:36:20] [SUCCESS] Found 15 wallpaper(s) in /home/shidox/Wallpapers
[2026-02-14 13:36:20] === AleatoryWall Script Started ===
[2026-02-14 13:36:20] pywal enabled via argument
[2026-02-14 13:36:20] Daemon already running (PID: 1733) — changing wallpaper once
[2026-02-14 13:36:20] Changing wallpaper to: WALL5.jpeg
[2026-02-14 13:36:24] [SUCCESS] Wallpaper changed to: WALL5.jpeg
[2026-02-14 14:48:18] [SUCCESS] Found wallpaper directory: /home/shidox/Wallpapers (15 images)
[2026-02-14 14:48:18] Found 2 .webm file(s). swww only supports images/gifs, so .webm will be skipped. Use --backend mpvpaper if you want video wallpapers.
[2026-02-14 14:48:18] [SUCCESS] Found 15 wallpaper(s) in /home/shidox/Wallpapers
[2026-02-14 14:48:18] === AleatoryWall Script Started ===
[2026-02-14 14:48:18] pywal enabled via argument
[2026-02-14 14:48:18] Daemon already running (PID: 2073) — changing wallpaper once
[2026-02-14 14:48:18] Changing wallpaper to: WALL1.jpg
[2026-02-14 14:48:22] [SUCCESS] Wallpaper changed to: WALL1.jpg
[2026-02-14 21:59:58] [SUCCESS] Found wallpaper directory: /home/shidox/Wallpapers (15 images)
[2026-02-14 21:59:59] Found 2 .webm file(s). swww only supports images/gifs, so .webm will be skipped. Use --backend mpvpaper if you want video wallpapers.
[2026-02-14 21:59:59] [SUCCESS] Found 15 wallpaper(s) in /home/shidox/Wallpapers
[2026-02-14 21:59:59] === AleatoryWall Script Started ===
[2026-02-14 21:59:59] pywal enabled via argument
[2026-02-14 21:59:59] Daemon already running (PID: 2114) — changing wallpaper once
[2026-02-14 21:59:59] Changing wallpaper to: WALL13.jpg
[2026-02-14 22:00:01] [SUCCESS] Wallpaper changed to: WALL13.jpg
[2026-02-14 22:51:40] [SUCCESS] Found wallpaper directory: /home/shidox/Wallpapers (15 images)
[2026-02-14 22:51:40] Found 2 .webm file(s). swww only supports images/gifs, so .webm will be skipped. Use --backend mpvpaper if you want video wallpapers.
[2026-02-14 22:51:40] [SUCCESS] Found 15 wallpaper(s) in /home/shidox/Wallpapers
[2026-02-14 22:51:40] === AleatoryWall Script Started ===
[2026-02-14 22:51:40] pywal enabled via argument
[2026-02-14 22:51:40] Daemon already running (PID: 2120) — changing wallpaper once
[2026-02-14 22:51:41] Changing wallpaper to: WALL4.jpg
[2026-02-14 22:51:43] [SUCCESS] Wallpaper changed to: WALL4.jpg
[2026-02-15 10:05:25] [SUCCESS] Found wallpaper directory: /home/shidox/Wallpapers (15 images)
[2026-02-15 10:05:25] Found 2 .webm file(s). swww only supports images/gifs, so .webm will be skipped. Use --backend mpvpaper if you want video wallpapers.
[2026-02-15 10:05:25] [SUCCESS] Found 15 wallpaper(s) in /home/shidox/Wallpapers
[2026-02-15 10:05:25] === AleatoryWall Script Started ===
[2026-02-15 10:05:25] pywal enabled via argument
[2026-02-15 10:05:25] Daemon already running (PID: 2277) — changing wallpaper once
[2026-02-15 10:05:25] Changing wallpaper to: WALL3.png
[2026-02-15 10:05:29] [SUCCESS] Wallpaper changed to: WALL3.png
[2026-02-15 11:32:16] [SUCCESS] Found wallpaper directory: /home/shidox/Wallpapers (15 images)
[2026-02-15 11:32:16] Found 2 .webm file(s). swww only supports images/gifs, so .webm will be skipped. Use --backend mpvpaper if you want video wallpapers.
[2026-02-15 11:32:16] [SUCCESS] Found 15 wallpaper(s) in /home/shidox/Wallpapers
[2026-02-15 11:32:16] === AleatoryWall Script Started ===
[2026-02-15 11:32:16] pywal enabled via argument
[2026-02-15 11:32:16] Daemon already running (PID: 163567) — changing wallpaper once
[2026-02-15 11:32:16] Changing wallpaper to: WALL11.gif
[2026-02-15 11:32:19] [SUCCESS] Wallpaper changed to: WALL11.gif
[2026-02-15 13:44:37] [SUCCESS] Found wallpaper directory: /home/shidox/Wallpapers (15 images)
[2026-02-15 13:44:37] Found 2 .webm file(s). swww only supports images/gifs, so .webm will be skipped. Use --backend mpvpaper if you want video wallpapers.
[2026-02-15 13:44:37] [SUCCESS] Found 15 wallpaper(s) in /home/shidox/Wallpapers
[2026-02-15 13:44:37] === AleatoryWall Script Started ===
[2026-02-15 13:44:37] pywal enabled via argument
[2026-02-15 13:44:37] Daemon already running (PID: 412162) — changing wallpaper once
[2026-02-15 13:44:37] Changing wallpaper to: WALL12.jpg
[2026-02-15 13:44:42] [SUCCESS] Wallpaper changed to: WALL12.jpg
[2026-02-15 14:17:20] [SUCCESS] Found wallpaper directory: /home/shidox/Wallpapers (15 images)
[2026-02-15 14:17:20] Found 2 .webm file(s). swww only supports images/gifs, so .webm will be skipped. Use --backend mpvpaper if you want video wallpapers.
[2026-02-15 14:17:20] [SUCCESS] Found 15 wallpaper(s) in /home/shidox/Wallpapers
[2026-02-15 14:17:20] === AleatoryWall Script Started ===
[2026-02-15 14:17:20] pywal enabled via argument
[2026-02-15 14:17:20] Daemon already running (PID: 2896) — changing wallpaper once
[2026-02-15 14:17:20] Changing wallpaper to: WALL9.jpg
[2026-02-15 14:17:26] [SUCCESS] Wallpaper changed to: WALL9.jpg
[2026-02-15 14:35:36] [SUCCESS] Found wallpaper directory: /home/shidox/Wallpapers (15 images)
[2026-02-15 14:35:36] Found 2 .webm file(s). swww only supports images/gifs, so .webm will be skipped. Use --backend mpvpaper if you want video wallpapers.
[2026-02-15 14:35:36] [SUCCESS] Found 15 wallpaper(s) in /home/shidox/Wallpapers
[2026-02-15 14:35:36] === AleatoryWall Script Started ===
[2026-02-15 14:35:36] pywal enabled via argument
[2026-02-15 14:35:36] Daemon already running (PID: 2671) — changing wallpaper once
[2026-02-15 14:35:36] Changing wallpaper to: WALL2.jpg
[2026-02-15 14:35:41] [SUCCESS] Wallpaper changed to: WALL2.jpg
[2026-02-15 14:46:38] [SUCCESS] Found wallpaper directory: /home/shidox/Wallpapers (15 images)
[2026-02-15 14:46:38] Found 2 .webm file(s). swww only supports images/gifs, so .webm will be skipped. Use --backend mpvpaper if you want video wallpapers.
[2026-02-15 14:46:38] [SUCCESS] Found 15 wallpaper(s) in /home/shidox/Wallpapers
[2026-02-15 14:46:38] === AleatoryWall Script Started ===
[2026-02-15 14:46:38] pywal enabled via argument
[2026-02-15 14:46:38] Daemon already running (PID: 2558) — changing wallpaper once
[2026-02-15 14:46:38] Changing wallpaper to: WALL11.gif
[2026-02-15 14:46:42] [SUCCESS] Wallpaper changed to: WALL11.gif
[2026-02-15 14:57:16] [SUCCESS] Found wallpaper directory: /home/shidox/Wallpapers (15 images)
[2026-02-15 14:57:16] Found 2 .webm file(s). swww only supports images/gifs, so .webm will be skipped. Use --backend mpvpaper if you want video wallpapers.
[2026-02-15 14:57:16] [SUCCESS] Found 15 wallpaper(s) in /home/shidox/Wallpapers
[2026-02-15 14:57:16] === AleatoryWall Script Started ===
[2026-02-15 14:57:16] pywal enabled via argument
[2026-02-15 14:57:16] Daemon already running (PID: 2554) — changing wallpaper once
[2026-02-15 14:57:16] Changing wallpaper to: WALL4.jpg
[2026-02-15 14:57:20] [SUCCESS] Wallpaper changed to: WALL4.jpg
[2026-02-16 10:14:52] [SUCCESS] Found wallpaper directory: /home/shidox/Wallpapers (15 images)
[2026-02-16 10:14:52] Found 2 .webm file(s). swww only supports images/gifs, so .webm will be skipped. Use --backend mpvpaper if you want video wallpapers.
[2026-02-16 10:14:52] [SUCCESS] Found 15 wallpaper(s) in /home/shidox/Wallpapers
[2026-02-16 10:14:52] === AleatoryWall Script Started ===
[2026-02-16 10:14:52] pywal enabled via argument
[2026-02-16 10:14:52] Daemon already running (PID: 3408) — changing wallpaper once
[2026-02-16 10:14:52] Changing wallpaper to: WALL5.jpeg
[2026-02-16 10:14:57] [SUCCESS] Wallpaper changed to: WALL5.jpeg
[2026-02-16 10:32:42] [SUCCESS] Found wallpaper directory: /home/shidox/Wallpapers (15 images)
[2026-02-16 10:32:42] Found 2 .webm file(s). swww only supports images/gifs, so .webm will be skipped. Use --backend mpvpaper if you want video wallpapers.
[2026-02-16 10:32:42] [SUCCESS] Found 15 wallpaper(s) in /home/shidox/Wallpapers
[2026-02-16 10:32:42] === AleatoryWall Script Started ===
[2026-02-16 10:32:42] pywal enabled via argument
[2026-02-16 10:32:42] Daemon already running (PID: 2743) — changing wallpaper once
[2026-02-16 10:32:42] Changing wallpaper to: WALL10.png
[2026-02-16 10:32:46] [SUCCESS] Wallpaper changed to: WALL10.png
[2026-02-16 10:48:36] [SUCCESS] Found wallpaper directory: /home/shidox/Wallpapers (15 images)
[2026-02-16 10:48:36] Found 2 .webm file(s). swww only supports images/gifs, so .webm will be skipped. Use --backend mpvpaper if you want video wallpapers.
[2026-02-16 10:48:36] [SUCCESS] Found 15 wallpaper(s) in /home/shidox/Wallpapers
[2026-02-16 10:48:36] === AleatoryWall Script Started ===
[2026-02-16 10:48:36] pywal enabled via argument
[2026-02-16 10:48:37] Daemon already running (PID: 2494) — changing wallpaper once
[2026-02-16 10:48:37] Changing wallpaper to: WALL3.png
[2026-02-16 10:48:40] [SUCCESS] Wallpaper changed to: WALL3.png
[2026-02-16 10:49:41] [SUCCESS] Found wallpaper directory: /home/shidox/Wallpapers (15 images)
[2026-02-16 10:49:41] Found 2 .webm file(s). swww only supports images/gifs, so .webm will be skipped. Use --backend mpvpaper if you want video wallpapers.
[2026-02-16 10:49:41] [SUCCESS] Found 15 wallpaper(s) in /home/shidox/Wallpapers
[2026-02-16 10:49:41] === AleatoryWall Script Started ===
[2026-02-16 10:49:41] pywal enabled via argument
[2026-02-16 10:49:41] Daemon already running (PID: 2407) — changing wallpaper once
[2026-02-16 10:49:41] Changing wallpaper to: WALL1.jpg
[2026-02-16 10:49:45] [SUCCESS] Wallpaper changed to: WALL1.jpg
[2026-02-16 10:56:29] [SUCCESS] Found wallpaper directory: /home/shidox/Wallpapers (15 images)
[2026-02-16 10:56:29] Found 2 .webm file(s). swww only supports images/gifs, so .webm will be skipped. Use --backend mpvpaper if you want video wallpapers.
[2026-02-16 10:56:29] [SUCCESS] Found 15 wallpaper(s) in /home/shidox/Wallpapers
[2026-02-16 10:56:29] === AleatoryWall Script Started ===
[2026-02-16 10:56:29] pywal enabled via argument
[2026-02-16 10:56:29] Daemon already running (PID: 2644) — changing wallpaper once
[2026-02-16 10:56:29] Changing wallpaper to: WALL13.jpg
[2026-02-16 10:56:32] [SUCCESS] Wallpaper changed to: WALL13.jpg
[2026-02-16 12:47:21] [SUCCESS] Found wallpaper directory: /home/shidox/Wallpapers (15 images)
[2026-02-16 12:47:21] Found 2 .webm file(s). swww only supports images/gifs, so .webm will be skipped. Use --backend mpvpaper if you want video wallpapers.
[2026-02-16 12:47:21] [SUCCESS] Found 15 wallpaper(s) in /home/shidox/Wallpapers
[2026-02-16 12:47:21] === AleatoryWall Script Started ===
[2026-02-16 12:47:21] pywal enabled via argument
[2026-02-16 12:47:21] Daemon already running (PID: 2361) — changing wallpaper once
[2026-02-16 12:47:21] Changing wallpaper to: WALL7.jpg
[2026-02-16 12:47:24] [SUCCESS] Wallpaper changed to: WALL7.jpg
[2026-02-16 15:42:16] [SUCCESS] Found wallpaper directory: /home/shidox/Wallpapers (15 images)
[2026-02-16 15:42:16] Found 2 .webm file(s). swww only supports images/gifs, so .webm will be skipped. Use --backend mpvpaper if you want video wallpapers.
[2026-02-16 15:42:16] [SUCCESS] Found 15 wallpaper(s) in /home/shidox/Wallpapers
[2026-02-16 15:42:16] === AleatoryWall Script Started ===
[2026-02-16 15:42:16] pywal enabled via argument
[2026-02-16 15:42:17] Daemon already running (PID: 2358) — changing wallpaper once
[2026-02-16 15:42:17] Changing wallpaper to: WALL8.jpg
[2026-02-16 15:42:19] [SUCCESS] Wallpaper changed to: WALL8.jpg
[2026-02-16 19:20:13] [SUCCESS] Found wallpaper directory: /home/shidox/Wallpapers (15 images)
[2026-02-16 19:20:13] Found 2 .webm file(s). swww only supports images/gifs, so .webm will be skipped. Use --backend mpvpaper if you want video wallpapers.
[2026-02-16 19:20:13] [SUCCESS] Found 15 wallpaper(s) in /home/shidox/Wallpapers
[2026-02-16 19:20:13] === AleatoryWall Script Started ===
[2026-02-16 19:20:13] pywal enabled via argument
[2026-02-16 19:20:13] Daemon already running (PID: 2525) — changing wallpaper once
[2026-02-16 19:20:13] Changing wallpaper to: WALL16.jpg
[2026-02-16 19:20:17] [SUCCESS] Wallpaper changed to: WALL16.jpg
[2026-02-17 09:32:36] [SUCCESS] Found wallpaper directory: /home/shidox/Wallpapers (15 images)
[2026-02-17 09:32:36] Found 2 .webm file(s). swww only supports images/gifs, so .webm will be skipped. Use --backend mpvpaper if you want video wallpapers.
[2026-02-17 09:32:36] [SUCCESS] Found 15 wallpaper(s) in /home/shidox/Wallpapers
[2026-02-17 09:32:36] === AleatoryWall Script Started ===
[2026-02-17 09:32:36] pywal enabled via argument
[2026-02-17 09:32:37] Daemon already running (PID: 2432) — changing wallpaper once
[2026-02-17 09:32:37] Changing wallpaper to: WALL14.jpg
[2026-02-17 09:32:40] [SUCCESS] Wallpaper changed to: WALL14.jpg
[2026-02-17 13:53:56] [SUCCESS] Found wallpaper directory: /home/shidox/Wallpapers (15 images)
[2026-02-17 13:53:56] Found 2 .webm file(s). swww only supports images/gifs, so .webm will be skipped. Use --backend mpvpaper if you want video wallpapers.
[2026-02-17 13:53:56] [SUCCESS] Found 15 wallpaper(s) in /home/shidox/Wallpapers
[2026-02-17 13:53:56] === AleatoryWall Script Started ===
[2026-02-17 13:53:56] pywal enabled via argument
[2026-02-17 13:53:56] Daemon already running (PID: 2337) — changing wallpaper once
[2026-02-17 13:53:56] Changing wallpaper to: WALL6.jpg
[2026-02-17 13:53:59] [SUCCESS] Wallpaper changed to: WALL6.jpg
[2026-02-17 16:28:17] [SUCCESS] Found wallpaper directory: /home/shidox/Wallpapers (15 images)
[2026-02-17 16:28:17] Found 2 .webm file(s). swww only supports images/gifs, so .webm will be skipped. Use --backend mpvpaper if you want video wallpapers.
[2026-02-17 16:28:17] [SUCCESS] Found 15 wallpaper(s) in /home/shidox/Wallpapers
[2026-02-17 16:28:17] === AleatoryWall Script Started ===
[2026-02-17 16:28:17] pywal enabled via argument
[2026-02-17 16:28:18] Daemon already running (PID: 2305) — changing wallpaper once
[2026-02-17 16:28:18] Changing wallpaper to: WALL10.png
[2026-02-17 16:28:21] [SUCCESS] Wallpaper changed to: WALL10.png
[2026-02-17 17:24:56] [SUCCESS] Found wallpaper directory: /home/shidox/Wallpapers (15 images)
[2026-02-17 17:24:56] Found 2 .webm file(s). swww only supports images/gifs, so .webm will be skipped. Use --backend mpvpaper if you want video wallpapers.
[2026-02-17 17:24:56] [SUCCESS] Found 15 wallpaper(s) in /home/shidox/Wallpapers
[2026-02-17 17:24:56] === AleatoryWall Script Started ===
[2026-02-17 17:24:56] pywal enabled via argument
[2026-02-17 17:24:56] Daemon already running (PID: 2266) — changing wallpaper once
[2026-02-17 17:24:56] Changing wallpaper to: WALL5.jpeg
[2026-02-17 17:25:00] [SUCCESS] Wallpaper changed to: WALL5.jpeg
[2026-02-17 18:16:00] [SUCCESS] Found wallpaper directory: /home/shidox/Wallpapers (15 images)
[2026-02-17 18:16:00] Found 2 .webm file(s). swww only supports images/gifs, so .webm will be skipped. Use --backend mpvpaper if you want video wallpapers.
[2026-02-17 18:16:00] [SUCCESS] Found 15 wallpaper(s) in /home/shidox/Wallpapers
[2026-02-17 18:16:00] === AleatoryWall Script Started ===
[2026-02-17 18:16:00] pywal enabled via argument
[2026-02-17 18:16:00] Daemon already running (PID: 2502) — changing wallpaper once
[2026-02-17 18:16:00] Changing wallpaper to: WALL16.jpg
[2026-02-17 18:16:04] [SUCCESS] Wallpaper changed to: WALL16.jpg
[2026-02-18 08:51:45] [SUCCESS] Found wallpaper directory: /home/shidox/Wallpapers (15 images)
[2026-02-18 08:51:45] Found 2 .webm file(s). swww only supports images/gifs, so .webm will be skipped. Use --backend mpvpaper if you want video wallpapers.
[2026-02-18 08:51:45] [SUCCESS] Found 15 wallpaper(s) in /home/shidox/Wallpapers
[2026-02-18 08:51:45] === AleatoryWall Script Started ===
[2026-02-18 08:51:45] pywal enabled via argument
[2026-02-18 08:51:45] Daemon already running (PID: 2240) — changing wallpaper once
[2026-02-18 08:51:45] Changing wallpaper to: WALL11.gif
[2026-02-18 08:51:49] [SUCCESS] Wallpaper changed to: WALL11.gif
[2026-02-18 10:06:53] [SUCCESS] Found wallpaper directory: /home/shidox/Wallpapers (15 images)
[2026-02-18 10:06:53] Found 2 .webm file(s). swww only supports images/gifs, so .webm will be skipped. Use --backend mpvpaper if you want video wallpapers.
[2026-02-18 10:06:53] [SUCCESS] Found 15 wallpaper(s) in /home/shidox/Wallpapers
[2026-02-18 10:06:53] === AleatoryWall Script Started ===
[2026-02-18 10:06:53] pywal enabled via argument
[2026-02-18 10:06:53] Daemon already running (PID: 2236) — changing wallpaper once
[2026-02-18 10:06:53] Changing wallpaper to: WALL14.jpg
[2026-02-18 10:06:56] [SUCCESS] Wallpaper changed to: WALL14.jpg
[2026-02-18 10:35:26] [SUCCESS] Found wallpaper directory: /home/shidox/Wallpapers (15 images)
[2026-02-18 10:35:26] Found 2 .webm file(s). swww only supports images/gifs, so .webm will be skipped. Use --backend mpvpaper if you want video wallpapers.
[2026-02-18 10:35:26] [SUCCESS] Found 15 wallpaper(s) in /home/shidox/Wallpapers
[2026-02-18 10:35:26] === AleatoryWall Script Started ===
[2026-02-18 10:35:26] pywal enabled via argument
[2026-02-18 10:35:26] Daemon already running (PID: 2240) — changing wallpaper once
[2026-02-18 10:35:26] Changing wallpaper to: WALL3.png
[2026-02-18 10:35:29] [SUCCESS] Wallpaper changed to: WALL3.png
[2026-02-18 12:06:04] [SUCCESS] Found wallpaper directory: /home/shidox/Wallpapers (15 images)
[2026-02-18 12:06:04] Found 2 .webm file(s). swww only supports images/gifs, so .webm will be skipped. Use --backend mpvpaper if you want video wallpapers.
[2026-02-18 12:06:04] [SUCCESS] Found 15 wallpaper(s) in /home/shidox/Wallpapers
[2026-02-18 12:06:04] === AleatoryWall Script Started ===
[2026-02-18 12:06:04] pywal enabled via argument
[2026-02-18 12:06:04] Daemon already running (PID: 2208) — changing wallpaper once
[2026-02-18 12:06:04] Changing wallpaper to: WALL1.jpg
[2026-02-18 12:06:07] [SUCCESS] Wallpaper changed to: WALL1.jpg
[2026-02-18 13:07:48] [SUCCESS] Found wallpaper directory: /home/shidox/Wallpapers (15 images)
[2026-02-18 13:07:48] Found 2 .webm file(s). swww only supports images/gifs, so .webm will be skipped. Use --backend mpvpaper if you want video wallpapers.
[2026-02-18 13:07:48] [SUCCESS] Found 15 wallpaper(s) in /home/shidox/Wallpapers
[2026-02-18 13:07:48] === AleatoryWall Script Started ===
[2026-02-18 13:07:48] pywal enabled via argument
[2026-02-18 13:07:48] Daemon already running (PID: 2089) — changing wallpaper once
[2026-02-18 13:07:48] Changing wallpaper to: WALL8.jpg
[2026-02-18 13:07:51] [SUCCESS] Wallpaper changed to: WALL8.jpg
[2026-02-18 14:56:24] [SUCCESS] Found wallpaper directory: /home/shidox/Wallpapers (15 images)
[2026-02-18 14:56:24] Found 2 .webm file(s). swww only supports images/gifs, so .webm will be skipped. Use --backend mpvpaper if you want video wallpapers.
[2026-02-18 14:56:24] [SUCCESS] Found 15 wallpaper(s) in /home/shidox/Wallpapers
[2026-02-18 14:56:24] === AleatoryWall Script Started ===
[2026-02-18 14:56:24] pywal enabled via argument
[2026-02-18 14:56:24] Daemon already running (PID: 2529) — changing wallpaper once
[2026-02-18 14:56:24] Changing wallpaper to: WALL12.jpg
[2026-02-18 14:56:29] [SUCCESS] Wallpaper changed to: WALL12.jpg
[2026-02-19 08:29:47] [SUCCESS] Found wallpaper directory: /home/shidox/Wallpapers (15 images)
[2026-02-19 08:29:47] Found 2 .webm file(s). swww only supports images/gifs, so .webm will be skipped. Use --backend mpvpaper if you want video wallpapers.
[2026-02-19 08:29:47] [SUCCESS] Found 15 wallpaper(s) in /home/shidox/Wallpapers
[2026-02-19 08:29:47] === AleatoryWall Script Started ===
[2026-02-19 08:29:47] pywal enabled via argument
[2026-02-19 08:29:47] Daemon already running (PID: 2130) — changing wallpaper once
[2026-02-19 08:29:47] Changing wallpaper to: WALL2.jpg
[2026-02-19 08:29:51] [SUCCESS] Wallpaper changed to: WALL2.jpg
[2026-02-19 10:22:16] [SUCCESS] Found wallpaper directory: /home/shidox/Wallpapers (15 images)
[2026-02-19 10:22:16] Found 2 .webm file(s). swww only supports images/gifs, so .webm will be skipped. Use --backend mpvpaper if you want video wallpapers.
[2026-02-19 10:22:16] [SUCCESS] Found 15 wallpaper(s) in /home/shidox/Wallpapers
[2026-02-19 10:22:16] === AleatoryWall Script Started ===
[2026-02-19 10:22:16] pywal enabled via argument
[2026-02-19 10:22:16] Daemon already running (PID: 2292) — changing wallpaper once
[2026-02-19 10:22:16] Changing wallpaper to: WALL4.jpg
[2026-02-19 10:22:20] [SUCCESS] Wallpaper changed to: WALL4.jpg
[2026-02-19 11:57:25] [SUCCESS] Found wallpaper directory: /home/shidox/Wallpapers (15 images)
[2026-02-19 11:57:25] Found 2 .webm file(s). swww only supports images/gifs, so .webm will be skipped. Use --backend mpvpaper if you want video wallpapers.
[2026-02-19 11:57:25] [SUCCESS] Found 15 wallpaper(s) in /home/shidox/Wallpapers
[2026-02-19 11:57:25] === AleatoryWall Script Started ===
[2026-02-19 11:57:25] pywal enabled via argument
[2026-02-19 11:57:25] Daemon already running (PID: 2328) — changing wallpaper once
[2026-02-19 11:57:25] Changing wallpaper to: WALL9.jpg
[2026-02-19 11:57:29] [SUCCESS] Wallpaper changed to: WALL9.jpg
[2026-02-19 15:31:45] [SUCCESS] Found wallpaper directory: /home/shidox/Wallpapers (15 images)
[2026-02-19 15:31:45] Found 2 .webm file(s). swww only supports images/gifs, so .webm will be skipped. Use --backend mpvpaper if you want video wallpapers.
[2026-02-19 15:31:45] [SUCCESS] Found 15 wallpaper(s) in /home/shidox/Wallpapers
[2026-02-19 15:31:45] === AleatoryWall Script Started ===
[2026-02-19 15:31:45] pywal enabled via argument
[2026-02-19 15:31:45] Daemon already running (PID: 2389) — changing wallpaper once
[2026-02-19 15:31:45] Changing wallpaper to: WALL6.jpg
[2026-02-19 15:31:49] [SUCCESS] Wallpaper changed to: WALL6.jpg
[2026-02-19 16:26:06] [SUCCESS] Found wallpaper directory: /home/shidox/Wallpapers (15 images)
[2026-02-19 16:26:06] Found 2 .webm file(s). swww only supports images/gifs, so .webm will be skipped. Use --backend mpvpaper if you want video wallpapers.
[2026-02-19 16:26:06] [SUCCESS] Found 15 wallpaper(s) in /home/shidox/Wallpapers
[2026-02-19 16:26:06] === AleatoryWall Script Started ===
[2026-02-19 16:26:06] pywal enabled via argument
[2026-02-19 16:26:06] Daemon already running (PID: 2391) — changing wallpaper once
[2026-02-19 16:26:06] Changing wallpaper to: WALL13.jpg
[2026-02-19 16:26:09] [SUCCESS] Wallpaper changed to: WALL13.jpg
[2026-02-19 16:43:09] [SUCCESS] Found wallpaper directory: /home/shidox/Wallpapers (15 images)
[2026-02-19 16:43:09] Found 2 .webm file(s). swww only supports images/gifs, so .webm will be skipped. Use --backend mpvpaper if you want video wallpapers.
[2026-02-19 16:43:09] [SUCCESS] Found 15 wallpaper(s) in /home/shidox/Wallpapers
[2026-02-19 16:43:10] === AleatoryWall Script Started ===
[2026-02-19 16:43:10] pywal enabled via argument
[2026-02-19 16:43:10] Daemon already running (PID: 17193) — changing wallpaper once
[2026-02-19 16:43:10] Changing wallpaper to: WALL7.jpg
[2026-02-19 16:43:12] [SUCCESS] Wallpaper changed to: WALL7.jpg
[2026-02-19 19:47:44] [SUCCESS] Found wallpaper directory: /home/shidox/Wallpapers (15 images)
[2026-02-19 19:47:44] Found 2 .webm file(s). swww only supports images/gifs, so .webm will be skipped. Use --backend mpvpaper if you want video wallpapers.
[2026-02-19 19:47:44] [SUCCESS] Found 15 wallpaper(s) in /home/shidox/Wallpapers
[2026-02-19 19:47:44] === AleatoryWall Script Started ===
[2026-02-19 19:47:44] pywal enabled via argument
[2026-02-19 19:47:44] Daemon already running (PID: 2547) — changing wallpaper once
[2026-02-19 19:47:45] Changing wallpaper to: WALL13.jpg
[2026-02-19 19:47:47] [SUCCESS] Wallpaper changed to: WALL13.jpg
[2026-02-20 08:03:02] [SUCCESS] Found wallpaper directory: /home/shidox/Wallpapers (15 images)
[2026-02-20 08:03:02] Found 2 .webm file(s). swww only supports images/gifs, so .webm will be skipped. Use --backend mpvpaper if you want video wallpapers.
[2026-02-20 08:03:02] [SUCCESS] Found 15 wallpaper(s) in /home/shidox/Wallpapers
[2026-02-20 08:03:02] === AleatoryWall Script Started ===
[2026-02-20 08:03:02] pywal enabled via argument
[2026-02-20 08:03:02] Daemon already running (PID: 2568) — changing wallpaper once
[2026-02-20 08:03:02] Changing wallpaper to: WALL11.gif
[2026-02-20 08:03:06] [SUCCESS] Wallpaper changed to: WALL11.gif
[2026-02-20 12:31:43] [SUCCESS] Found wallpaper directory: /home/shidox/Wallpapers (15 images)
[2026-02-20 12:31:43] Found 2 .webm file(s). swww only supports images/gifs, so .webm will be skipped. Use --backend mpvpaper if you want video wallpapers.
[2026-02-20 12:31:43] [SUCCESS] Found 15 wallpaper(s) in /home/shidox/Wallpapers
[2026-02-20 12:31:43] === AleatoryWall Script Started ===
[2026-02-20 12:31:43] pywal enabled via argument
[2026-02-20 12:31:43] Daemon already running (PID: 2415) — changing wallpaper once
[2026-02-20 12:31:43] Changing wallpaper to: WALL9.jpg
[2026-02-20 12:31:47] [SUCCESS] Wallpaper changed to: WALL9.jpg
[2026-02-20 13:46:37] [SUCCESS] Found wallpaper directory: /home/shidox/Wallpapers (15 images)
[2026-02-20 13:46:37] Found 2 .webm file(s). swww only supports images/gifs, so .webm will be skipped. Use --backend mpvpaper if you want video wallpapers.
[2026-02-20 13:46:37] [SUCCESS] Found 15 wallpaper(s) in /home/shidox/Wallpapers
[2026-02-20 13:46:37] === AleatoryWall Script Started ===
[2026-02-20 13:46:37] pywal enabled via argument
[2026-02-20 13:46:37] Daemon already running (PID: 2405) — changing wallpaper once
[2026-02-20 13:46:37] Changing wallpaper to: WALL1.jpg
[2026-02-20 13:46:41] [SUCCESS] Wallpaper changed to: WALL1.jpg
[2026-02-20 21:55:42] [SUCCESS] Found wallpaper directory: /home/shidox/Wallpapers (15 images)
[2026-02-20 21:55:42] Found 2 .webm file(s). swww only supports images/gifs, so .webm will be skipped. Use --backend mpvpaper if you want video wallpapers.
[2026-02-20 21:55:42] [SUCCESS] Found 15 wallpaper(s) in /home/shidox/Wallpapers
[2026-02-20 21:55:42] === AleatoryWall Script Started ===
[2026-02-20 21:55:42] pywal enabled via argument
[2026-02-20 21:55:43] Daemon already running (PID: 17558) — changing wallpaper once
[2026-02-20 21:55:43] Changing wallpaper to: WALL2.jpg
[2026-02-20 21:55:46] [SUCCESS] Wallpaper changed to: WALL2.jpg
[2026-02-21 09:08:51] [SUCCESS] Found wallpaper directory: /home/shidox/Wallpapers (15 images)
[2026-02-21 09:08:51] Found 2 .webm file(s). swww only supports images/gifs, so .webm will be skipped. Use --backend mpvpaper if you want video wallpapers.
[2026-02-21 09:08:51] [SUCCESS] Found 15 wallpaper(s) in /home/shidox/Wallpapers
[2026-02-21 09:08:51] === AleatoryWall Script Started ===
[2026-02-21 09:08:51] pywal enabled via argument
[2026-02-21 09:08:51] Daemon already running (PID: 2515) — changing wallpaper once
[2026-02-21 09:08:51] Changing wallpaper to: WALL6.jpg
[2026-02-21 09:08:55] [SUCCESS] Wallpaper changed to: WALL6.jpg
[2026-02-21 13:40:37] [SUCCESS] Found wallpaper directory: /home/shidox/Wallpapers (15 images)
[2026-02-21 13:40:37] Found 2 .webm file(s). swww only supports images/gifs, so .webm will be skipped. Use --backend mpvpaper if you want video wallpapers.
[2026-02-21 13:40:37] [SUCCESS] Found 15 wallpaper(s) in /home/shidox/Wallpapers
[2026-02-21 13:40:37] === AleatoryWall Script Started ===
[2026-02-21 13:40:38] pywal enabled via argument
[2026-02-21 13:40:38] Daemon already running (PID: 2283) — changing wallpaper once
[2026-02-21 13:40:38] Changing wallpaper to: WALL12.jpg
[2026-02-21 13:40:42] [SUCCESS] Wallpaper changed to: WALL12.jpg
[2026-02-21 15:19:08] [SUCCESS] Found wallpaper directory: /home/shidox/Wallpapers (15 images)
[2026-02-21 15:19:08] Found 2 .webm file(s). swww only supports images/gifs, so .webm will be skipped. Use --backend mpvpaper if you want video wallpapers.
[2026-02-21 15:19:09] [SUCCESS] Found 15 wallpaper(s) in /home/shidox/Wallpapers
[2026-02-21 15:19:09] === AleatoryWall Script Started ===
[2026-02-21 15:19:09] pywal enabled via argument
[2026-02-21 15:19:09] Daemon already running (PID: 7072) — changing wallpaper once
[2026-02-21 15:19:09] Changing wallpaper to: WALL4.jpg
[2026-02-21 15:19:11] [SUCCESS] Wallpaper changed to: WALL4.jpg
[2026-02-21 18:35:05] [SUCCESS] Found wallpaper directory: /home/shidox/Wallpapers (15 images)
[2026-02-21 18:35:05] Found 2 .webm file(s). swww only supports images/gifs, so .webm will be skipped. Use --backend mpvpaper if you want video wallpapers.
[2026-02-21 18:35:05] [SUCCESS] Found 15 wallpaper(s) in /home/shidox/Wallpapers
[2026-02-21 18:35:05] === AleatoryWall Script Started ===
[2026-02-21 18:35:05] pywal enabled via argument
[2026-02-21 18:35:05] Daemon already running (PID: 2288) — changing wallpaper once
[2026-02-21 18:35:05] Changing wallpaper to: WALL10.png
[2026-02-21 18:35:08] [SUCCESS] Wallpaper changed to: WALL10.png
[2026-02-21 21:07:19] [SUCCESS] Found wallpaper directory: /home/shidox/Wallpapers (15 images)
[2026-02-21 21:07:19] Found 2 .webm file(s). swww only supports images/gifs, so .webm will be skipped. Use --backend mpvpaper if you want video wallpapers.
[2026-02-21 21:07:19] [SUCCESS] Found 15 wallpaper(s) in /home/shidox/Wallpapers
[2026-02-21 21:07:19] === AleatoryWall Script Started ===
[2026-02-21 21:07:19] pywal enabled via argument
[2026-02-21 21:07:19] Daemon already running (PID: 2474) — changing wallpaper once
[2026-02-21 21:07:19] Changing wallpaper to: WALL16.jpg
[2026-02-21 21:07:22] [SUCCESS] Wallpaper changed to: WALL16.jpg
[2026-02-22 08:05:24] [SUCCESS] Found wallpaper directory: /home/shidox/Wallpapers (15 images)
[2026-02-22 08:05:24] Found 2 .webm file(s). swww only supports images/gifs, so .webm will be skipped. Use --backend mpvpaper if you want video wallpapers.
[2026-02-22 08:05:24] [SUCCESS] Found 15 wallpaper(s) in /home/shidox/Wallpapers
[2026-02-22 08:05:24] === AleatoryWall Script Started ===
[2026-02-22 08:05:24] pywal enabled via argument
[2026-02-22 08:05:24] Daemon already running (PID: 2613) — changing wallpaper once
[2026-02-22 08:05:24] Changing wallpaper to: WALL5.jpeg
[2026-02-22 08:05:27] [SUCCESS] Wallpaper changed to: WALL5.jpeg
[2026-02-22 18:34:29] [SUCCESS] Found wallpaper directory: /home/shidox/Wallpapers (15 images)
[2026-02-22 18:34:29] Found 2 .webm file(s). swww only supports images/gifs, so .webm will be skipped. Use --backend mpvpaper if you want video wallpapers.
[2026-02-22 18:34:29] [SUCCESS] Found 15 wallpaper(s) in /home/shidox/Wallpapers
[2026-02-22 18:34:29] === AleatoryWall Script Started ===
[2026-02-22 18:34:29] pywal enabled via argument
[2026-02-22 18:34:29] Daemon already running (PID: 2463) — changing wallpaper once
[2026-02-22 18:34:29] Changing wallpaper to: WALL14.jpg
[2026-02-22 18:34:33] [SUCCESS] Wallpaper changed to: WALL14.jpg
[2026-02-23 10:25:07] [SUCCESS] Found wallpaper directory: /home/shidox/Wallpapers (15 images)
[2026-02-23 10:25:07] Found 2 .webm file(s). swww only supports images/gifs, so .webm will be skipped. Use --backend mpvpaper if you want video wallpapers.
[2026-02-23 10:25:07] [SUCCESS] Found 15 wallpaper(s) in /home/shidox/Wallpapers
[2026-02-23 10:25:07] === AleatoryWall Script Started ===
[2026-02-23 10:25:07] pywal enabled via argument
[2026-02-23 10:25:07] Daemon already running (PID: 2495) — changing wallpaper once
[2026-02-23 10:25:07] Changing wallpaper to: WALL3.png
[2026-02-23 10:25:11] [SUCCESS] Wallpaper changed to: WALL3.png
[2026-02-23 19:38:45] [SUCCESS] Found wallpaper directory: /home/shidox/Wallpapers (15 images)
[2026-02-23 19:38:45] Found 2 .webm file(s). swww only supports images/gifs, so .webm will be skipped. Use --backend mpvpaper if you want video wallpapers.
[2026-02-23 19:38:45] [SUCCESS] Found 15 wallpaper(s) in /home/shidox/Wallpapers
[2026-02-23 19:38:45] === AleatoryWall Script Started ===
[2026-02-23 19:38:45] pywal enabled via argument
[2026-02-23 19:38:45] Daemon already running (PID: 2612) — changing wallpaper once
[2026-02-23 19:38:45] Changing wallpaper to: WALL8.jpg
[2026-02-23 19:38:48] [SUCCESS] Wallpaper changed to: WALL8.jpg
[2026-02-23 23:12:04] [SUCCESS] Found wallpaper directory: /home/shidox/Wallpapers (15 images)
[2026-02-23 23:12:04] Found 2 .webm file(s). swww only supports images/gifs, so .webm will be skipped. Use --backend mpvpaper if you want video wallpapers.
[2026-02-23 23:12:04] [SUCCESS] Found 15 wallpaper(s) in /home/shidox/Wallpapers
[2026-02-23 23:12:05] === AleatoryWall Script Started ===
[2026-02-23 23:12:05] pywal enabled via argument
[2026-02-23 23:12:05] Daemon already running (PID: 2711) — changing wallpaper once
[2026-02-23 23:12:05] Changing wallpaper to: WALL7.jpg
[2026-02-23 23:12:08] [SUCCESS] Wallpaper changed to: WALL7.jpg
[2026-02-24 10:59:15] [SUCCESS] Found wallpaper directory: /home/shidox/Wallpapers (15 images)
[2026-02-24 10:59:15] Found 2 .webm file(s). swww only supports images/gifs, so .webm will be skipped. Use --backend mpvpaper if you want video wallpapers.
[2026-02-24 10:59:15] [SUCCESS] Found 15 wallpaper(s) in /home/shidox/Wallpapers
[2026-02-24 10:59:15] === AleatoryWall Script Started ===
[2026-02-24 10:59:15] pywal enabled via argument
[2026-02-24 10:59:15] Daemon already running (PID: 2409) — changing wallpaper once
[2026-02-24 10:59:15] Changing wallpaper to: WALL3.png
[2026-02-24 10:59:19] [SUCCESS] Wallpaper changed to: WALL3.png
[2026-02-24 14:47:18] [SUCCESS] Found wallpaper directory: /home/shidox/Wallpapers (15 images)
[2026-02-24 14:47:18] Found 2 .webm file(s). swww only supports images/gifs, so .webm will be skipped. Use --backend mpvpaper if you want video wallpapers.
[2026-02-24 14:47:18] [SUCCESS] Found 15 wallpaper(s) in /home/shidox/Wallpapers
[2026-02-24 14:47:18] === AleatoryWall Script Started ===
[2026-02-24 14:47:18] pywal enabled via argument
[2026-02-24 14:47:18] Daemon already running (PID: 2776) — changing wallpaper once
[2026-02-24 14:47:18] Changing wallpaper to: WALL14.jpg
[2026-02-24 14:47:22] [SUCCESS] Wallpaper changed to: WALL14.jpg
[2026-02-24 15:21:30] [SUCCESS] Found wallpaper directory: /home/shidox/Wallpapers (15 images)
[2026-02-24 15:21:30] Found 2 .webm file(s). swww only supports images/gifs, so .webm will be skipped. Use --backend mpvpaper if you want video wallpapers.
[2026-02-24 15:21:30] [SUCCESS] Found 15 wallpaper(s) in /home/shidox/Wallpapers
[2026-02-24 15:21:30] === AleatoryWall Script Started ===
[2026-02-24 15:21:30] pywal enabled via argument
[2026-02-24 15:21:30] Daemon already running (PID: 2334) — changing wallpaper once
[2026-02-24 15:21:30] Changing wallpaper to: WALL9.jpg
[2026-02-24 15:21:33] [SUCCESS] Wallpaper changed to: WALL9.jpg
[2026-02-24 16:27:22] [SUCCESS] Found wallpaper directory: /home/shidox/Wallpapers (15 images)
[2026-02-24 16:27:22] Found 2 .webm file(s). swww only supports images/gifs, so .webm will be skipped. Use --backend mpvpaper if you want video wallpapers.
[2026-02-24 16:27:22] [SUCCESS] Found 15 wallpaper(s) in /home/shidox/Wallpapers
[2026-02-24 16:27:22] === AleatoryWall Script Started ===
[2026-02-24 16:27:22] pywal enabled via argument
[2026-02-24 16:27:22] Daemon already running (PID: 2294) — changing wallpaper once
[2026-02-24 16:27:23] Changing wallpaper to: WALL10.png
[2026-02-24 16:27:26] [SUCCESS] Wallpaper changed to: WALL10.png
[2026-02-24 16:53:12] [SUCCESS] Found wallpaper directory: /home/shidox/Wallpapers (15 images)
[2026-02-24 16:53:12] Found 2 .webm file(s). swww only supports images/gifs, so .webm will be skipped. Use --backend mpvpaper if you want video wallpapers.
[2026-02-24 16:53:12] [SUCCESS] Found 15 wallpaper(s) in /home/shidox/Wallpapers
[2026-02-24 16:53:12] === AleatoryWall Script Started ===
[2026-02-24 16:53:12] pywal enabled via argument
[2026-02-24 16:53:12] Daemon already running (PID: 2571) — changing wallpaper once
[2026-02-24 16:53:13] Changing wallpaper to: WALL1.jpg
[2026-02-24 16:53:16] [SUCCESS] Wallpaper changed to: WALL1.jpg
[2026-02-24 20:20:09] [SUCCESS] Found wallpaper directory: /home/shidox/Wallpapers (15 images)
[2026-02-24 20:20:09] Found 2 .webm file(s). swww only supports images/gifs, so .webm will be skipped. Use --backend mpvpaper if you want video wallpapers.
[2026-02-24 20:20:09] [SUCCESS] Found 15 wallpaper(s) in /home/shidox/Wallpapers
[2026-02-24 20:20:09] === AleatoryWall Script Started ===
[2026-02-24 20:20:09] pywal enabled via argument
[2026-02-24 20:20:09] Daemon already running (PID: 2449) — changing wallpaper once
[2026-02-24 20:20:09] Changing wallpaper to: WALL6.jpg
[2026-02-24 20:20:12] [SUCCESS] Wallpaper changed to: WALL6.jpg
[2026-02-24 21:17:47] [SUCCESS] Found wallpaper directory: /home/shidox/Wallpapers (15 images)
[2026-02-24 21:17:47] Found 2 .webm file(s). swww only supports images/gifs, so .webm will be skipped. Use --backend mpvpaper if you want video wallpapers.
[2026-02-24 21:17:47] [SUCCESS] Found 15 wallpaper(s) in /home/shidox/Wallpapers
[2026-02-24 21:17:47] === AleatoryWall Script Started ===
[2026-02-24 21:17:47] pywal enabled via argument
[2026-02-24 21:17:47] Daemon already running (PID: 2471) — changing wallpaper once
[2026-02-24 21:17:47] Changing wallpaper to: WALL4.jpg
[2026-02-24 21:17:50] [SUCCESS] Wallpaper changed to: WALL4.jpg
[2026-02-25 08:36:32] [SUCCESS] Found wallpaper directory: /home/shidox/Wallpapers (15 images)
[2026-02-25 08:36:32] Found 2 .webm file(s). swww only supports images/gifs, so .webm will be skipped. Use --backend mpvpaper if you want video wallpapers.
[2026-02-25 08:36:32] [SUCCESS] Found 15 wallpaper(s) in /home/shidox/Wallpapers
[2026-02-25 08:36:32] === AleatoryWall Script Started ===
[2026-02-25 08:36:32] pywal enabled via argument
[2026-02-25 08:36:32] Daemon already running (PID: 2372) — changing wallpaper once
[2026-02-25 08:36:32] Changing wallpaper to: WALL11.gif
[2026-02-25 08:36:36] [SUCCESS] Wallpaper changed to: WALL11.gif
[2026-02-25 11:14:59] [SUCCESS] Found wallpaper directory: /home/shidox/Wallpapers (15 images)
[2026-02-25 11:14:59] Found 2 .webm file(s). swww only supports images/gifs, so .webm will be skipped. Use --backend mpvpaper if you want video wallpapers.
[2026-02-25 11:14:59] [SUCCESS] Found 15 wallpaper(s) in /home/shidox/Wallpapers
[2026-02-25 11:14:59] === AleatoryWall Script Started ===
[2026-02-25 11:14:59] pywal enabled via argument
[2026-02-25 11:14:59] Daemon already running (PID: 2297) — changing wallpaper once
[2026-02-25 11:14:59] Changing wallpaper to: WALL2.jpg
[2026-02-25 11:15:02] [SUCCESS] Wallpaper changed to: WALL2.jpg
[2026-02-25 12:52:48] [SUCCESS] Found wallpaper directory: /home/shidox/Wallpapers (15 images)
[2026-02-25 12:52:49] Found 2 .webm file(s). swww only supports images/gifs, so .webm will be skipped. Use --backend mpvpaper if you want video wallpapers.
[2026-02-25 12:52:49] [SUCCESS] Found 15 wallpaper(s) in /home/shidox/Wallpapers
[2026-02-25 12:52:49] === AleatoryWall Script Started ===
[2026-02-25 12:52:49] pywal enabled via argument
[2026-02-25 12:52:49] Daemon already running (PID: 2292) — changing wallpaper once
[2026-02-25 12:52:49] Changing wallpaper to: WALL13.jpg
[2026-02-25 12:52:52] [SUCCESS] Wallpaper changed to: WALL13.jpg
[2026-02-25 17:38:10] [SUCCESS] Found wallpaper directory: /home/shidox/Wallpapers (15 images)
[2026-02-25 17:38:10] Found 2 .webm file(s). swww only supports images/gifs, so .webm will be skipped. Use --backend mpvpaper if you want video wallpapers.
[2026-02-25 17:38:10] [SUCCESS] Found 15 wallpaper(s) in /home/shidox/Wallpapers
[2026-02-25 17:38:10] === AleatoryWall Script Started ===
[2026-02-25 17:38:10] pywal enabled via argument
[2026-02-25 17:38:11] Daemon already running (PID: 2460) — changing wallpaper once
[2026-02-25 17:38:11] Changing wallpaper to: WALL12.jpg
[2026-02-25 17:38:16] [SUCCESS] Wallpaper changed to: WALL12.jpg
[2026-02-26 08:16:11] [SUCCESS] Found wallpaper directory: /home/shidox/Wallpapers (15 images)
[2026-02-26 08:16:12] Found 2 .webm file(s). swww only supports images/gifs, so .webm will be skipped. Use --backend mpvpaper if you want video wallpapers.
[2026-02-26 08:16:12] [SUCCESS] Found 15 wallpaper(s) in /home/shidox/Wallpapers
[2026-02-26 08:16:12] === AleatoryWall Script Started ===
[2026-02-26 08:16:12] pywal enabled via argument
[2026-02-26 08:16:12] Daemon already running (PID: 2335) — changing wallpaper once
[2026-02-26 08:16:12] Changing wallpaper to: WALL8.jpg
[2026-02-26 08:16:15] [SUCCESS] Wallpaper changed to: WALL8.jpg
[2026-02-26 10:24:59] [SUCCESS] Found wallpaper directory: /home/shidox/Wallpapers (15 images)
[2026-02-26 10:24:59] Found 2 .webm file(s). swww only supports images/gifs, so .webm will be skipped. Use --backend mpvpaper if you want video wallpapers.
[2026-02-26 10:24:59] [SUCCESS] Found 15 wallpaper(s) in /home/shidox/Wallpapers
[2026-02-26 10:24:59] === AleatoryWall Script Started ===
[2026-02-26 10:24:59] pywal enabled via argument
[2026-02-26 10:24:59] Daemon already running (PID: 2290) — changing wallpaper once
[2026-02-26 10:25:00] Changing wallpaper to: WALL5.jpeg
[2026-02-26 10:25:03] [SUCCESS] Wallpaper changed to: WALL5.jpeg
[2026-02-26 14:07:41] [SUCCESS] Found wallpaper directory: /home/shidox/Wallpapers (15 images)
[2026-02-26 14:07:41] Found 2 .webm file(s). swww only supports images/gifs, so .webm will be skipped. Use --backend mpvpaper if you want video wallpapers.
[2026-02-26 14:07:41] [SUCCESS] Found 15 wallpaper(s) in /home/shidox/Wallpapers
[2026-02-26 14:07:41] === AleatoryWall Script Started ===
[2026-02-26 14:07:41] pywal enabled via argument
[2026-02-26 14:07:41] Daemon already running (PID: 2589) — changing wallpaper once
[2026-02-26 14:07:41] Changing wallpaper to: WALL7.jpg
[2026-02-26 14:07:45] [SUCCESS] Wallpaper changed to: WALL7.jpg
[2026-02-27 10:10:32] [SUCCESS] Found wallpaper directory: /home/shidox/Wallpapers (15 images)
[2026-02-27 10:10:32] Found 2 .webm file(s). swww only supports images/gifs, so .webm will be skipped. Use --backend mpvpaper if you want video wallpapers.
[2026-02-27 10:10:32] [SUCCESS] Found 15 wallpaper(s) in /home/shidox/Wallpapers
[2026-02-27 10:10:32] === AleatoryWall Script Started ===
[2026-02-27 10:10:32] pywal enabled via argument
[2026-02-27 10:10:33] Daemon already running (PID: 2487) — changing wallpaper once
[2026-02-27 10:10:33] Changing wallpaper to: WALL16.jpg
[2026-02-27 10:10:36] [SUCCESS] Wallpaper changed to: WALL16.jpg
[2026-02-27 18:34:23] [SUCCESS] Found wallpaper directory: /home/shidox/Wallpapers (15 images)
[2026-02-27 18:34:23] Found 2 .webm file(s). swww only supports images/gifs, so .webm will be skipped. Use --backend mpvpaper if you want video wallpapers.
[2026-02-27 18:34:23] [SUCCESS] Found 15 wallpaper(s) in /home/shidox/Wallpapers
[2026-02-27 18:34:23] === AleatoryWall Script Started ===
[2026-02-27 18:34:23] pywal enabled via argument
[2026-02-27 18:34:23] Daemon already running (PID: 2515) — changing wallpaper once
[2026-02-27 18:34:23] Changing wallpaper to: WALL1.jpg
[2026-02-27 18:34:27] [SUCCESS] Wallpaper changed to: WALL1.jpg
[2026-02-28 09:27:52] [SUCCESS] Found wallpaper directory: /home/shidox/Wallpapers (15 images)
[2026-02-28 09:27:52] Found 2 .webm file(s). swww only supports images/gifs, so .webm will be skipped. Use --backend mpvpaper if you want video wallpapers.
[2026-02-28 09:27:52] [SUCCESS] Found 15 wallpaper(s) in /home/shidox/Wallpapers
[2026-02-28 09:27:52] === AleatoryWall Script Started ===
[2026-02-28 09:27:52] pywal enabled via argument
[2026-02-28 09:27:52] Daemon already running (PID: 3089) — changing wallpaper once
[2026-02-28 09:27:52] Changing wallpaper to: WALL9.jpg
[2026-02-28 09:27:56] [SUCCESS] Wallpaper changed to: WALL9.jpg
[2026-02-28 12:52:39] [SUCCESS] Found wallpaper directory: /home/shidox/Wallpapers (15 images)
[2026-02-28 12:52:39] Found 2 .webm file(s). swww only supports images/gifs, so .webm will be skipped. Use --backend mpvpaper if you want video wallpapers.
[2026-02-28 12:52:39] [SUCCESS] Found 15 wallpaper(s) in /home/shidox/Wallpapers
[2026-02-28 12:52:39] === AleatoryWall Script Started ===
[2026-02-28 12:52:39] pywal enabled via argument
[2026-02-28 12:52:39] Daemon already running (PID: 2405) — changing wallpaper once
[2026-02-28 12:52:40] Changing wallpaper to: WALL5.jpeg
[2026-02-28 12:52:43] [SUCCESS] Wallpaper changed to: WALL5.jpeg
[2026-02-28 13:58:51] [SUCCESS] Found wallpaper directory: /home/shidox/Wallpapers (15 images)
[2026-02-28 13:58:51] Found 2 .webm file(s). swww only supports images/gifs, so .webm will be skipped. Use --backend mpvpaper if you want video wallpapers.
[2026-02-28 13:58:51] [SUCCESS] Found 15 wallpaper(s) in /home/shidox/Wallpapers
[2026-02-28 13:58:51] === AleatoryWall Script Started ===
[2026-02-28 13:58:51] pywal enabled via argument
[2026-02-28 13:58:51] Daemon already running (PID: 2536) — changing wallpaper once
[2026-02-28 13:58:51] Changing wallpaper to: WALL13.jpg
[2026-02-28 13:58:54] [SUCCESS] Wallpaper changed to: WALL13.jpg
[2026-03-01 09:59:36] [SUCCESS] Found wallpaper directory: /home/shidox/Wallpapers (15 images)
[2026-03-01 09:59:36] Found 2 .webm file(s). swww only supports images/gifs, so .webm will be skipped. Use --backend mpvpaper if you want video wallpapers.
[2026-03-01 09:59:36] [SUCCESS] Found 15 wallpaper(s) in /home/shidox/Wallpapers
[2026-03-01 09:59:36] === AleatoryWall Script Started ===
[2026-03-01 09:59:36] pywal enabled via argument
[2026-03-01 09:59:36] Daemon already running (PID: 2487) — changing wallpaper once
[2026-03-01 09:59:36] Changing wallpaper to: WALL8.jpg
[2026-03-01 09:59:40] [SUCCESS] Wallpaper changed to: WALL8.jpg
[2026-03-02 10:47:58] [SUCCESS] Found wallpaper directory: /home/shidox/Wallpapers (15 images)
[2026-03-02 10:47:59] Found 2 .webm file(s). swww only supports images/gifs, so .webm will be skipped. Use --backend mpvpaper if you want video wallpapers.
[2026-03-02 10:47:59] [SUCCESS] Found 15 wallpaper(s) in /home/shidox/Wallpapers
[2026-03-02 10:47:59] === AleatoryWall Script Started ===
[2026-03-02 10:47:59] pywal enabled via argument
[2026-03-02 10:47:59] Daemon already running (PID: 2432) — changing wallpaper once
[2026-03-02 10:47:59] Changing wallpaper to: WALL11.gif
[2026-03-02 10:48:02] [SUCCESS] Wallpaper changed to: WALL11.gif
